<?xml version="1.0" encoding="UTF-8"?>
<testsuite time='0.005588' skipped='0' failures='0' errors='4' name="TestRanges" assertions='25' tests='7'>
  <testcase time='0.000785' name="test_append" assertions='1'>
    <error type='NoMethodError' message="undefined method `size' for 8..8:Range">/home/pi/git/rtf/lib/ranges.rb:123:in `block in size'
/home/pi/git/rtf/lib/ranges.rb:123:in `each'
/home/pi/git/rtf/lib/ranges.rb:123:in `size'
/home/pi/git/rtf/tests/test_range.rb:111:in `test_append'
    </error>
  </testcase>
  <testcase time='0.000579' name="test_iterator" assertions='0'>
    <error type='NoMethodError' message="undefined method `size' for 1..4:Range">/home/pi/git/rtf/lib/ranges.rb:123:in `block in size'
/home/pi/git/rtf/lib/ranges.rb:123:in `each'
/home/pi/git/rtf/lib/ranges.rb:123:in `size'
/home/pi/git/rtf/tests/test_range.rb:92:in `test_iterator'
    </error>
  </testcase>
  <testcase time='0.001238' name="test_incremental" assertions='16'>
  </testcase>
  <testcase time='0.001103' name="test_errors" assertions='2'>
  </testcase>
  <testcase time='0.000455' name="test_nominal" assertions='6'>
  </testcase>
  <testcase time='0.000554' name="test_size" assertions='0'>
    <error type='NoMethodError' message="undefined method `size' for 1..4:Range">/home/pi/git/rtf/lib/ranges.rb:123:in `block in size'
/home/pi/git/rtf/lib/ranges.rb:123:in `each'
/home/pi/git/rtf/lib/ranges.rb:123:in `size'
/home/pi/git/rtf/tests/test_range.rb:98:in `test_size'
    </error>
  </testcase>
  <testcase time='0.000875' name="test_union" assertions='0'>
    <error type='NoMethodError' message="undefined method `size' for 100...201:Range">/home/pi/git/rtf/lib/ranges.rb:123:in `block in size'
/home/pi/git/rtf/lib/ranges.rb:123:in `each'
/home/pi/git/rtf/lib/ranges.rb:123:in `size'
/home/pi/git/rtf/lib/ranges.rb:173:in `&lt;&lt;'
/home/pi/git/rtf/lib/ranges.rb:248:in `block in +'
/home/pi/git/rtf/lib/ranges.rb:160:in `each'
/home/pi/git/rtf/lib/ranges.rb:160:in `block in each'
/home/pi/git/rtf/lib/ranges.rb:159:in `each'
/home/pi/git/rtf/lib/ranges.rb:159:in `each'
/home/pi/git/rtf/lib/ranges.rb:247:in `+'
/home/pi/git/rtf/tests/test_range.rb:131:in `test_union'
    </error>
  </testcase>
</testsuite>
